/usr/lib/python3/dist-packages/setuptools/dist.py:723: UserWarning: Usage of dash-separated 'script-dir' will not be supported in future versions. Please use the underscore name 'script_dir' instead
  warnings.warn(
running egg_info
creating ../../build/infrared_sensor/infrared_sensor.egg-info
writing ../../build/infrared_sensor/infrared_sensor.egg-info/PKG-INFO
writing dependency_links to ../../build/infrared_sensor/infrared_sensor.egg-info/dependency_links.txt
writing entry points to ../../build/infrared_sensor/infrared_sensor.egg-info/entry_points.txt
writing requirements to ../../build/infrared_sensor/infrared_sensor.egg-info/requires.txt
writing top-level names to ../../build/infrared_sensor/infrared_sensor.egg-info/top_level.txt
writing manifest file '../../build/infrared_sensor/infrared_sensor.egg-info/SOURCES.txt'
reading manifest file '../../build/infrared_sensor/infrared_sensor.egg-info/SOURCES.txt'
writing manifest file '../../build/infrared_sensor/infrared_sensor.egg-info/SOURCES.txt'
running build
running build_py
creating /home/ubuntu/ad-dev-ws/apps/raspberrypi/build/infrared_sensor/build
creating /home/ubuntu/ad-dev-ws/apps/raspberrypi/build/infrared_sensor/build/lib
creating /home/ubuntu/ad-dev-ws/apps/raspberrypi/build/infrared_sensor/build/lib/infrared_sensor
copying infrared_sensor/__init__.py -> /home/ubuntu/ad-dev-ws/apps/raspberrypi/build/infrared_sensor/build/lib/infrared_sensor
copying infrared_sensor/infrared_publisher.py -> /home/ubuntu/ad-dev-ws/apps/raspberrypi/build/infrared_sensor/build/lib/infrared_sensor
copying infrared_sensor/infrared_subscriber.py -> /home/ubuntu/ad-dev-ws/apps/raspberrypi/build/infrared_sensor/build/lib/infrared_sensor
running install
running install_lib
creating /home/ubuntu/ad-dev-ws/apps/raspberrypi/install/infrared_sensor/lib/python3.10/site-packages/infrared_sensor
copying /home/ubuntu/ad-dev-ws/apps/raspberrypi/build/infrared_sensor/build/lib/infrared_sensor/__init__.py -> /home/ubuntu/ad-dev-ws/apps/raspberrypi/install/infrared_sensor/lib/python3.10/site-packages/infrared_sensor
copying /home/ubuntu/ad-dev-ws/apps/raspberrypi/build/infrared_sensor/build/lib/infrared_sensor/infrared_publisher.py -> /home/ubuntu/ad-dev-ws/apps/raspberrypi/install/infrared_sensor/lib/python3.10/site-packages/infrared_sensor
copying /home/ubuntu/ad-dev-ws/apps/raspberrypi/build/infrared_sensor/build/lib/infrared_sensor/infrared_subscriber.py -> /home/ubuntu/ad-dev-ws/apps/raspberrypi/install/infrared_sensor/lib/python3.10/site-packages/infrared_sensor
byte-compiling /home/ubuntu/ad-dev-ws/apps/raspberrypi/install/infrared_sensor/lib/python3.10/site-packages/infrared_sensor/__init__.py to __init__.cpython-310.pyc
byte-compiling /home/ubuntu/ad-dev-ws/apps/raspberrypi/install/infrared_sensor/lib/python3.10/site-packages/infrared_sensor/infrared_publisher.py to infrared_publisher.cpython-310.pyc
byte-compiling /home/ubuntu/ad-dev-ws/apps/raspberrypi/install/infrared_sensor/lib/python3.10/site-packages/infrared_sensor/infrared_subscriber.py to infrared_subscriber.cpython-310.pyc
running install_data
creating /home/ubuntu/ad-dev-ws/apps/raspberrypi/install/infrared_sensor/share/ament_index
creating /home/ubuntu/ad-dev-ws/apps/raspberrypi/install/infrared_sensor/share/ament_index/resource_index
creating /home/ubuntu/ad-dev-ws/apps/raspberrypi/install/infrared_sensor/share/ament_index/resource_index/packages
copying resource/infrared_sensor -> /home/ubuntu/ad-dev-ws/apps/raspberrypi/install/infrared_sensor/share/ament_index/resource_index/packages
copying package.xml -> /home/ubuntu/ad-dev-ws/apps/raspberrypi/install/infrared_sensor/share/infrared_sensor
copying launch/infrared_sensor_launch.py -> /home/ubuntu/ad-dev-ws/apps/raspberrypi/install/infrared_sensor/share/infrared_sensor
running install_egg_info
Copying ../../build/infrared_sensor/infrared_sensor.egg-info to /home/ubuntu/ad-dev-ws/apps/raspberrypi/install/infrared_sensor/lib/python3.10/site-packages/infrared_sensor-0.0.0-py3.10.egg-info
running install_scripts
Installing infrared_publisher script to /home/ubuntu/ad-dev-ws/apps/raspberrypi/install/infrared_sensor/lib/infrared_sensor
Installing infrared_subscriber script to /home/ubuntu/ad-dev-ws/apps/raspberrypi/install/infrared_sensor/lib/infrared_sensor
writing list of installed files to '/home/ubuntu/ad-dev-ws/apps/raspberrypi/build/infrared_sensor/install.log'
