[2.047s] DEBUG:colcon:Command line arguments: ['/usr/bin/colcon', 'build']
[2.049s] DEBUG:colcon:Parsed command line arguments: Namespace(log_base=None, log_level=None, verb_name='build', build_base='build', install_base='install', merge_install=False, symlink_install=False, test_result_base=None, continue_on_error=False, executor='parallel', parallel_workers=4, event_handlers=None, ignore_user_meta=False, metas=['./colcon.meta'], base_paths=['.'], packages_ignore=None, packages_ignore_regex=None, paths=None, packages_up_to=None, packages_up_to_regex=None, packages_above=None, packages_above_and_dependencies=None, packages_above_depth=None, packages_select_by_dep=None, packages_skip_by_dep=None, packages_skip_up_to=None, packages_select_build_failed=False, packages_skip_build_finished=False, packages_select_test_failures=False, packages_skip_test_passed=False, packages_select=None, packages_skip=None, packages_select_regex=None, packages_skip_regex=None, packages_start=None, packages_end=None, allow_overriding=[], cmake_args=None, cmake_target=None, cmake_target_skip_unavailable=False, cmake_clean_cache=False, cmake_clean_first=False, cmake_force_configure=False, ament_cmake_args=None, catkin_cmake_args=None, catkin_skip_building_tests=False, mixin_files=None, mixin=None, verb_parser=<colcon_mixin.mixin.mixin_argument.MixinArgumentDecorator object at 0xffffbb0c8340>, verb_extension=<colcon_core.verb.build.BuildVerb object at 0xffffbb210a00>, main=<bound method BuildVerb.main of <colcon_core.verb.build.BuildVerb object at 0xffffbb210a00>>, mixin_verb=('build',))
[5.178s] Level 1:colcon.colcon_core.package_discovery:discover_packages(colcon_meta) check parameters
[5.180s] Level 1:colcon.colcon_core.package_discovery:discover_packages(recursive) check parameters
[5.181s] Level 1:colcon.colcon_core.package_discovery:discover_packages(ignore) check parameters
[5.181s] Level 1:colcon.colcon_core.package_discovery:discover_packages(path) check parameters
[5.182s] Level 1:colcon.colcon_core.package_discovery:discover_packages(colcon_meta) discover
[5.182s] Level 1:colcon.colcon_core.package_discovery:discover_packages(recursive) discover
[5.183s] INFO:colcon.colcon_core.package_discovery:Crawling recursively for packages in '/home/ubuntu/ad-dev-ws/apps/raspberrypi'
[5.185s] Level 1:colcon.colcon_core.package_identification:_identify(.) by extensions ['ignore', 'ignore_ament_install']
[5.186s] Level 1:colcon.colcon_core.package_identification:_identify(.) by extension 'ignore'
[5.187s] Level 1:colcon.colcon_core.package_identification:_identify(.) by extension 'ignore_ament_install'
[5.188s] Level 1:colcon.colcon_core.package_identification:_identify(.) by extensions ['colcon_pkg']
[5.189s] Level 1:colcon.colcon_core.package_identification:_identify(.) by extension 'colcon_pkg'
[5.190s] Level 1:colcon.colcon_core.package_identification:_identify(.) by extensions ['colcon_meta']
[5.190s] Level 1:colcon.colcon_core.package_identification:_identify(.) by extension 'colcon_meta'
[5.191s] Level 1:colcon.colcon_core.package_identification:_identify(.) by extensions ['ros']
[5.192s] Level 1:colcon.colcon_core.package_identification:_identify(.) by extension 'ros'
[5.389s] Level 1:colcon.colcon_core.package_identification:_identify(.) by extensions ['cmake', 'python']
[5.390s] Level 1:colcon.colcon_core.package_identification:_identify(.) by extension 'cmake'
[5.391s] Level 1:colcon.colcon_core.package_identification:_identify(.) by extension 'python'
[5.392s] Level 1:colcon.colcon_core.package_identification:_identify(.) by extensions ['python_setup_py']
[5.393s] Level 1:colcon.colcon_core.package_identification:_identify(.) by extension 'python_setup_py'
[5.395s] Level 1:colcon.colcon_core.package_identification:_identify(build) by extensions ['ignore', 'ignore_ament_install']
[5.396s] Level 1:colcon.colcon_core.package_identification:_identify(build) by extension 'ignore'
[5.397s] Level 1:colcon.colcon_core.package_identification:_identify(build) ignored
[5.399s] Level 1:colcon.colcon_core.package_identification:_identify(install) by extensions ['ignore', 'ignore_ament_install']
[5.401s] Level 1:colcon.colcon_core.package_identification:_identify(install) by extension 'ignore'
[5.402s] Level 1:colcon.colcon_core.package_identification:_identify(install) ignored
[5.404s] Level 1:colcon.colcon_core.package_identification:_identify(log) by extensions ['ignore', 'ignore_ament_install']
[5.405s] Level 1:colcon.colcon_core.package_identification:_identify(log) by extension 'ignore'
[5.406s] Level 1:colcon.colcon_core.package_identification:_identify(log) ignored
[5.408s] Level 1:colcon.colcon_core.package_identification:_identify(src) by extensions ['ignore', 'ignore_ament_install']
[5.409s] Level 1:colcon.colcon_core.package_identification:_identify(src) by extension 'ignore'
[5.410s] Level 1:colcon.colcon_core.package_identification:_identify(src) by extension 'ignore_ament_install'
[5.411s] Level 1:colcon.colcon_core.package_identification:_identify(src) by extensions ['colcon_pkg']
[5.412s] Level 1:colcon.colcon_core.package_identification:_identify(src) by extension 'colcon_pkg'
[5.413s] Level 1:colcon.colcon_core.package_identification:_identify(src) by extensions ['colcon_meta']
[5.413s] Level 1:colcon.colcon_core.package_identification:_identify(src) by extension 'colcon_meta'
[5.414s] Level 1:colcon.colcon_core.package_identification:_identify(src) by extensions ['ros']
[5.415s] Level 1:colcon.colcon_core.package_identification:_identify(src) by extension 'ros'
[5.416s] Level 1:colcon.colcon_core.package_identification:_identify(src) by extensions ['cmake', 'python']
[5.417s] Level 1:colcon.colcon_core.package_identification:_identify(src) by extension 'cmake'
[5.418s] Level 1:colcon.colcon_core.package_identification:_identify(src) by extension 'python'
[5.418s] Level 1:colcon.colcon_core.package_identification:_identify(src) by extensions ['python_setup_py']
[5.419s] Level 1:colcon.colcon_core.package_identification:_identify(src) by extension 'python_setup_py'
[5.421s] Level 1:colcon.colcon_core.package_identification:_identify(src/infrared_sensor) by extensions ['ignore', 'ignore_ament_install']
[5.423s] Level 1:colcon.colcon_core.package_identification:_identify(src/infrared_sensor) by extension 'ignore'
[5.424s] Level 1:colcon.colcon_core.package_identification:_identify(src/infrared_sensor) by extension 'ignore_ament_install'
[5.425s] Level 1:colcon.colcon_core.package_identification:_identify(src/infrared_sensor) by extensions ['colcon_pkg']
[5.426s] Level 1:colcon.colcon_core.package_identification:_identify(src/infrared_sensor) by extension 'colcon_pkg'
[5.426s] Level 1:colcon.colcon_core.package_identification:_identify(src/infrared_sensor) by extensions ['colcon_meta']
[5.427s] Level 1:colcon.colcon_core.package_identification:_identify(src/infrared_sensor) by extension 'colcon_meta'
[5.428s] Level 1:colcon.colcon_core.package_identification:_identify(src/infrared_sensor) by extensions ['ros']
[5.429s] Level 1:colcon.colcon_core.package_identification:_identify(src/infrared_sensor) by extension 'ros'
[5.467s] DEBUG:colcon.colcon_core.package_identification:Package 'src/infrared_sensor' with type 'ros.ament_python' and name 'infrared_sensor'
[5.468s] Level 1:colcon.colcon_core.package_discovery:discover_packages(recursive) using defaults
[5.469s] Level 1:colcon.colcon_core.package_discovery:discover_packages(ignore) discover
[5.469s] Level 1:colcon.colcon_core.package_discovery:discover_packages(ignore) using defaults
[5.470s] Level 1:colcon.colcon_core.package_discovery:discover_packages(path) discover
[5.470s] Level 1:colcon.colcon_core.package_discovery:discover_packages(path) using defaults
[5.813s] Level 1:colcon.colcon_core.package_discovery:discover_packages(prefix_path) check parameters
[5.814s] Level 1:colcon.colcon_core.package_discovery:discover_packages(prefix_path) discover
[5.864s] DEBUG:colcon.colcon_installed_package_information.package_discovery:Found 187 installed packages in /opt/ros/humble
[5.887s] Level 1:colcon.colcon_core.package_discovery:discover_packages(prefix_path) using defaults
[6.452s] Level 5:colcon.colcon_core.verb:set package 'infrared_sensor' build argument 'cmake_args' from command line to 'None'
[6.453s] Level 5:colcon.colcon_core.verb:set package 'infrared_sensor' build argument 'cmake_target' from command line to 'None'
[6.453s] Level 5:colcon.colcon_core.verb:set package 'infrared_sensor' build argument 'cmake_target_skip_unavailable' from command line to 'False'
[6.454s] Level 5:colcon.colcon_core.verb:set package 'infrared_sensor' build argument 'cmake_clean_cache' from command line to 'False'
[6.454s] Level 5:colcon.colcon_core.verb:set package 'infrared_sensor' build argument 'cmake_clean_first' from command line to 'False'
[6.455s] Level 5:colcon.colcon_core.verb:set package 'infrared_sensor' build argument 'cmake_force_configure' from command line to 'False'
[6.455s] Level 5:colcon.colcon_core.verb:set package 'infrared_sensor' build argument 'ament_cmake_args' from command line to 'None'
[6.456s] Level 5:colcon.colcon_core.verb:set package 'infrared_sensor' build argument 'catkin_cmake_args' from command line to 'None'
[6.456s] Level 5:colcon.colcon_core.verb:set package 'infrared_sensor' build argument 'catkin_skip_building_tests' from command line to 'False'
[6.457s] DEBUG:colcon.colcon_core.verb:Building package 'infrared_sensor' with the following arguments: {'ament_cmake_args': None, 'build_base': '/home/ubuntu/ad-dev-ws/apps/raspberrypi/build/infrared_sensor', 'catkin_cmake_args': None, 'catkin_skip_building_tests': False, 'cmake_args': None, 'cmake_clean_cache': False, 'cmake_clean_first': False, 'cmake_force_configure': False, 'cmake_target': None, 'cmake_target_skip_unavailable': False, 'install_base': '/home/ubuntu/ad-dev-ws/apps/raspberrypi/install/infrared_sensor', 'merge_install': False, 'path': '/home/ubuntu/ad-dev-ws/apps/raspberrypi/src/infrared_sensor', 'symlink_install': False, 'test_result_base': None}
[6.459s] INFO:colcon.colcon_core.executor:Executing jobs using 'parallel' executor
[6.472s] DEBUG:colcon.colcon_parallel_executor.executor.parallel:run_until_complete
[6.476s] INFO:colcon.colcon_ros.task.ament_python.build:Building ROS package in '/home/ubuntu/ad-dev-ws/apps/raspberrypi/src/infrared_sensor' with build type 'ament_python'
[6.479s] Level 1:colcon.colcon_core.shell:create_environment_hook('infrared_sensor', 'ament_prefix_path')
[6.513s] INFO:colcon.colcon_core.plugin_system:Skipping extension 'colcon_core.shell.bat': Not used on non-Windows systems
[6.517s] INFO:colcon.colcon_core.shell:Creating environment hook '/home/ubuntu/ad-dev-ws/apps/raspberrypi/install/infrared_sensor/share/infrared_sensor/hook/ament_prefix_path.ps1'
[6.528s] INFO:colcon.colcon_core.shell:Creating environment descriptor '/home/ubuntu/ad-dev-ws/apps/raspberrypi/install/infrared_sensor/share/infrared_sensor/hook/ament_prefix_path.dsv'
[6.535s] INFO:colcon.colcon_core.shell:Creating environment hook '/home/ubuntu/ad-dev-ws/apps/raspberrypi/install/infrared_sensor/share/infrared_sensor/hook/ament_prefix_path.sh'
[6.548s] INFO:colcon.colcon_core.shell:Skip shell extension 'powershell' for command environment: Not usable outside of PowerShell
[6.549s] DEBUG:colcon.colcon_core.shell:Skip shell extension 'dsv' for command environment
[11.263s] INFO:colcon.colcon_core.task.python.build:Building Python package in '/home/ubuntu/ad-dev-ws/apps/raspberrypi/src/infrared_sensor'
[11.267s] INFO:colcon.colcon_core.shell:Skip shell extension 'powershell' for command environment: Not usable outside of PowerShell
[11.268s] DEBUG:colcon.colcon_core.shell:Skip shell extension 'dsv' for command environment
[17.738s] DEBUG:colcon.colcon_core.event_handler.log_command:Invoking command in '/home/ubuntu/ad-dev-ws/apps/raspberrypi/src/infrared_sensor': PYTHONPATH=/home/ubuntu/ad-dev-ws/apps/raspberrypi/build/infrared_sensor/prefix_override:/usr/lib/python3/dist-packages/colcon_core/task/python/colcon_distutils_commands:/home/ubuntu/ad-dev-ws/apps/raspberrypi/install/infrared_sensor/lib/python3.10/site-packages:${PYTHONPATH} /usr/bin/python3 -W ignore:setup.py install is deprecated setup.py egg_info --egg-base ../../build/infrared_sensor build --build-base /home/ubuntu/ad-dev-ws/apps/raspberrypi/build/infrared_sensor/build install --record /home/ubuntu/ad-dev-ws/apps/raspberrypi/build/infrared_sensor/install.log --install-scripts $base/lib/infrared_sensor --single-version-externally-managed install_data
[23.063s] DEBUG:colcon.colcon_core.event_handler.log_command:Invoked command in '/home/ubuntu/ad-dev-ws/apps/raspberrypi/src/infrared_sensor' returned '0': PYTHONPATH=/home/ubuntu/ad-dev-ws/apps/raspberrypi/build/infrared_sensor/prefix_override:/usr/lib/python3/dist-packages/colcon_core/task/python/colcon_distutils_commands:/home/ubuntu/ad-dev-ws/apps/raspberrypi/install/infrared_sensor/lib/python3.10/site-packages:${PYTHONPATH} /usr/bin/python3 -W ignore:setup.py install is deprecated setup.py egg_info --egg-base ../../build/infrared_sensor build --build-base /home/ubuntu/ad-dev-ws/apps/raspberrypi/build/infrared_sensor/build install --record /home/ubuntu/ad-dev-ws/apps/raspberrypi/build/infrared_sensor/install.log --install-scripts $base/lib/infrared_sensor --single-version-externally-managed install_data
[23.106s] Level 1:colcon.colcon_core.environment:checking '/home/ubuntu/ad-dev-ws/apps/raspberrypi/install/infrared_sensor' for CMake module files
[23.116s] Level 1:colcon.colcon_core.environment:checking '/home/ubuntu/ad-dev-ws/apps/raspberrypi/install/infrared_sensor' for CMake config files
[23.130s] Level 1:colcon.colcon_core.environment:checking '/home/ubuntu/ad-dev-ws/apps/raspberrypi/install/infrared_sensor/lib'
[23.133s] Level 1:colcon.colcon_core.environment:checking '/home/ubuntu/ad-dev-ws/apps/raspberrypi/install/infrared_sensor/bin'
[23.134s] Level 1:colcon.colcon_core.environment:checking '/home/ubuntu/ad-dev-ws/apps/raspberrypi/install/infrared_sensor/lib/pkgconfig/infrared_sensor.pc'
[23.139s] Level 1:colcon.colcon_core.environment:checking '/home/ubuntu/ad-dev-ws/apps/raspberrypi/install/infrared_sensor/lib/python3.10/site-packages'
[23.141s] Level 1:colcon.colcon_core.shell:create_environment_hook('infrared_sensor', 'pythonpath')
[23.145s] INFO:colcon.colcon_core.shell:Creating environment hook '/home/ubuntu/ad-dev-ws/apps/raspberrypi/install/infrared_sensor/share/infrared_sensor/hook/pythonpath.ps1'
[23.151s] INFO:colcon.colcon_core.shell:Creating environment descriptor '/home/ubuntu/ad-dev-ws/apps/raspberrypi/install/infrared_sensor/share/infrared_sensor/hook/pythonpath.dsv'
[23.156s] INFO:colcon.colcon_core.shell:Creating environment hook '/home/ubuntu/ad-dev-ws/apps/raspberrypi/install/infrared_sensor/share/infrared_sensor/hook/pythonpath.sh'
[23.165s] Level 1:colcon.colcon_core.environment:checking '/home/ubuntu/ad-dev-ws/apps/raspberrypi/install/infrared_sensor/bin'
[23.166s] Level 1:colcon.colcon_core.environment:create_environment_scripts_only(infrared_sensor)
[23.172s] INFO:colcon.colcon_core.shell:Creating package script '/home/ubuntu/ad-dev-ws/apps/raspberrypi/install/infrared_sensor/share/infrared_sensor/package.ps1'
[23.185s] INFO:colcon.colcon_core.shell:Creating package descriptor '/home/ubuntu/ad-dev-ws/apps/raspberrypi/install/infrared_sensor/share/infrared_sensor/package.dsv'
[23.196s] INFO:colcon.colcon_core.shell:Creating package script '/home/ubuntu/ad-dev-ws/apps/raspberrypi/install/infrared_sensor/share/infrared_sensor/package.sh'
[23.210s] INFO:colcon.colcon_core.shell:Creating package script '/home/ubuntu/ad-dev-ws/apps/raspberrypi/install/infrared_sensor/share/infrared_sensor/package.bash'
[23.223s] INFO:colcon.colcon_core.shell:Creating package script '/home/ubuntu/ad-dev-ws/apps/raspberrypi/install/infrared_sensor/share/infrared_sensor/package.zsh'
[23.234s] Level 1:colcon.colcon_core.environment:create_file_with_runtime_dependencies(/home/ubuntu/ad-dev-ws/apps/raspberrypi/install/infrared_sensor/share/colcon-core/packages/infrared_sensor)
[23.240s] DEBUG:colcon.colcon_parallel_executor.executor.parallel:closing loop
[23.244s] DEBUG:colcon.colcon_parallel_executor.executor.parallel:loop closed
[23.246s] DEBUG:colcon.colcon_parallel_executor.executor.parallel:run_until_complete finished with '0'
[23.247s] DEBUG:colcon.colcon_core.event_reactor:joining thread
[23.457s] INFO:colcon.colcon_core.plugin_system:Skipping extension 'colcon_notification.desktop_notification.notify_send': Could not find 'notify-send'
[23.459s] INFO:colcon.colcon_core.plugin_system:Skipping extension 'colcon_notification.desktop_notification.terminal_notifier': Not used on non-Darwin systems
[23.460s] INFO:colcon.colcon_core.plugin_system:Skipping extension 'colcon_notification.desktop_notification.win32': Not used on non-Windows systems
[23.461s] INFO:colcon.colcon_notification.desktop_notification:Sending desktop notification using 'notify2'
[23.471s] DEBUG:colcon.colcon_notification.desktop_notification.notify2:Failed to initialize notify2: org.freedesktop.DBus.Error.ServiceUnknown: The name org.freedesktop.Notifications was not provided by any .service files
[23.472s] DEBUG:colcon.colcon_core.event_reactor:joined thread
[23.477s] INFO:colcon.colcon_core.shell:Creating prefix script '/home/ubuntu/ad-dev-ws/apps/raspberrypi/install/local_setup.ps1'
[23.492s] INFO:colcon.colcon_core.shell:Creating prefix util module '/home/ubuntu/ad-dev-ws/apps/raspberrypi/install/_local_setup_util_ps1.py'
[23.516s] INFO:colcon.colcon_core.shell:Creating prefix chain script '/home/ubuntu/ad-dev-ws/apps/raspberrypi/install/setup.ps1'
[23.532s] INFO:colcon.colcon_core.shell:Creating prefix script '/home/ubuntu/ad-dev-ws/apps/raspberrypi/install/local_setup.sh'
[23.541s] INFO:colcon.colcon_core.shell:Creating prefix util module '/home/ubuntu/ad-dev-ws/apps/raspberrypi/install/_local_setup_util_sh.py'
[23.549s] INFO:colcon.colcon_core.shell:Creating prefix chain script '/home/ubuntu/ad-dev-ws/apps/raspberrypi/install/setup.sh'
[23.567s] INFO:colcon.colcon_core.shell:Creating prefix script '/home/ubuntu/ad-dev-ws/apps/raspberrypi/install/local_setup.bash'
[23.575s] INFO:colcon.colcon_core.shell:Creating prefix chain script '/home/ubuntu/ad-dev-ws/apps/raspberrypi/install/setup.bash'
[23.590s] INFO:colcon.colcon_core.shell:Creating prefix script '/home/ubuntu/ad-dev-ws/apps/raspberrypi/install/local_setup.zsh'
[23.599s] INFO:colcon.colcon_core.shell:Creating prefix chain script '/home/ubuntu/ad-dev-ws/apps/raspberrypi/install/setup.zsh'
